0 verbose cli /usr/local/bin/node /usr/local/lib/node_modules/npm/bin/npm-cli.js
1 info using npm@10.8.2
2 info using node@v20.19.0
3 silly config load:file:/usr/local/lib/node_modules/npm/npmrc
4 silly config load:file:/Users/conkonig/development/funsies/doodackies/angular-map-drone-strikes/.npmrc
5 silly config load:file:/Users/conkonig/.npmrc
6 silly config load:file:/usr/local/etc/npmrc
7 verbose title npm exec wrangler deploy
8 verbose argv "exec" "--" "wrangler" "deploy"
9 verbose logfile logs-max:10 dir:/Users/conkonig/development/funsies/doodackies/angular-map-drone-strikes/.npm-cache/_logs/2026-03-02T02_03_01_493Z-
10 verbose logfile /Users/conkonig/development/funsies/doodackies/angular-map-drone-strikes/.npm-cache/_logs/2026-03-02T02_03_01_493Z-debug-0.log
11 silly logfile done cleaning log files
12 http fetch GET 200 https://registry.npmjs.org/npm 106ms
13 verbose cwd /Users/conkonig/development/funsies/doodackies/angular-map-drone-strikes
14 verbose os Darwin 24.2.0
15 verbose node v20.19.0
16 verbose npm  v10.8.2
17 notice
17 notice New [31mmajor[39m version of npm available! [31m10.8.2[39m -> [34m11.11.0[39m
17 notice Changelog: [34mhttps://github.com/npm/cli/releases/tag/v11.11.0[39m
17 notice To update run: [4mnpm install -g npm@11.11.0[24m
17 notice  { force: true, [Symbol(proc-log.meta)]: true }
18 verbose exit 0
19 info ok
